# Logfile created on Tue Feb 22 12:45:33 -0300 2011  [4;36;1mSQL (324.0ms)[0m   [0;1mSET NAMES 'utf8'[0m
  [4;35;1mSQL (4.0ms)[0m   [0mSET SQL_AUTO_IS_NULL=0[0m


Processing ProdutosController#show (for 127.0.0.1 at 2011-02-22 12:45:44) [GET]
  Parameters: {"id"=>"2"}
  [4;36;1mProduto Columns (760.0ms)[0m   [0;1mSHOW FIELDS FROM `produtos`[0m
  [4;35;1mProduto Load (60.0ms)[0m   [0mSELECT * FROM `produtos` WHERE (`produtos`.`id` = 2) [0m
Rendering template within layouts/application
Rendering produtos/show
  [4;36;1mImagem Load (456.0ms)[0m   [0;1mSELECT * FROM `imagems` WHERE (produto_id = ('2')) ORDER BY RAND() LIMIT 1[0m
Completed in 2528ms (View: 828, DB: 1604) | 200 OK [http://localhost/produtos/visualizar/2]
  [4;35;1mSQL (276.0ms)[0m   [0mSET NAMES 'utf8'[0m
  [4;36;1mSQL (16.0ms)[0m   [0;1mSET SQL_AUTO_IS_NULL=0[0m


Processing ApplicationController#index (for 127.0.0.1 at 2011-02-22 12:45:48) [GET]
  Parameters: {"1297288541"=>nil}

ActionController::RoutingError (No route matches "/images/" with {:method=>:get}):
  

Rendering rescues/layout (not_found)
  [4;35;1mSQL (32.0ms)[0m   [0mSET NAMES 'utf8'[0m
  [4;36;1mSQL (4.0ms)[0m   [0;1mSET SQL_AUTO_IS_NULL=0[0m


Processing UsuariosController#login (for 127.0.0.1 at 2011-02-22 12:46:03) [GET]
  [4;35;1mUsuario Columns (132.0ms)[0m   [0mSHOW FIELDS FROM `usuarios`[0m
Redirected to http://localhost:3000/usuarios
Completed in 204ms (DB: 168) | 302 Found [http://localhost/admin]
  [4;36;1mSQL (0.0ms)[0m   [0;1mSET NAMES 'utf8'[0m
  [4;35;1mSQL (4.0ms)[0m   [0mSET SQL_AUTO_IS_NULL=0[0m


Processing UsuariosController#index (for 127.0.0.1 at 2011-02-22 12:46:03) [GET]
  [4;36;1mUsuario Columns (4.0ms)[0m   [0;1mSHOW FIELDS FROM `usuarios`[0m
  [4;35;1mUsuario Load (4.0ms)[0m   [0mSELECT * FROM `usuarios` [0m
Rendering template within layouts/usuarios
Rendering usuarios/index
Completed in 140ms (View: 104, DB: 12) | 200 OK [http://localhost/usuarios]
  [4;36;1mSQL (0.0ms)[0m   [0;1mSET NAMES 'utf8'[0m
  [4;35;1mSQL (0.0ms)[0m   [0mSET SQL_AUTO_IS_NULL=0[0m


Processing ProdutosController#ger (for 127.0.0.1 at 2011-02-22 12:46:07) [GET]
  [4;36;1mUsuario Columns (4.0ms)[0m   [0;1mSHOW FIELDS FROM `usuarios`[0m
  [4;35;1mProduto Load (40.0ms)[0m   [0mSELECT * FROM `produtos` [0m
Rendering produtos/ger
  [4;36;1mProduto Columns (0.0ms)[0m   [0;1mSHOW FIELDS FROM `produtos`[0m
  [4;35;1mCategoria Columns (4.0ms)[0m   [0mSHOW FIELDS FROM `categorias`[0m
  [4;36;1mCategoria Load (0.0ms)[0m   [0;1mSELECT * FROM `categorias` WHERE (`categorias`.`id` = 1) [0m
  [4;35;1mCACHE (0.0ms)[0m   [0mSELECT * FROM `categorias` WHERE (`categorias`.`id` = 1) [0m
  [4;36;1mSubCategoria Columns (0.0ms)[0m   [0;1mSHOW FIELDS FROM `sub_categorias`[0m
  [4;35;1mSubCategoria Load (4.0ms)[0m   [0mSELECT * FROM `sub_categorias` WHERE (`sub_categorias`.`id` = 1) [0m
  [4;36;1mCACHE (0.0ms)[0m   [0;1mSELECT * FROM `sub_categorias` WHERE (`sub_categorias`.`id` = 1) [0m
  [4;35;1mCACHE (0.0ms)[0m   [0mSELECT * FROM `categorias` WHERE (`categorias`.`id` = 1) [0m
  [4;36;1mCACHE (0.0ms)[0m   [0;1mSELECT * FROM `categorias` WHERE (`categorias`.`id` = 1) [0m
  [4;35;1mCACHE (0.0ms)[0m   [0mSELECT * FROM `sub_categorias` WHERE (`sub_categorias`.`id` = 1) [0m
  [4;36;1mCACHE (0.0ms)[0m   [0;1mSELECT * FROM `sub_categorias` WHERE (`sub_categorias`.`id` = 1) [0m
Completed in 216ms (View: 136, DB: 52) | 200 OK [http://localhost/produtos/ger]
  [4;35;1mSQL (0.0ms)[0m   [0mSET NAMES 'utf8'[0m
  [4;36;1mSQL (0.0ms)[0m   [0;1mSET SQL_AUTO_IS_NULL=0[0m


Processing ProdutosController#index (for 127.0.0.1 at 2011-02-22 12:46:12) [GET]
  Parameters: {"pagina"=>"2"}
Solicitando INDEX
@pagina = 2
@selectedSubCat = pagina
@selectedCat = pagina
  [4;35;1mProduto Load (0.0ms)[0m   [0mSELECT `produtos`.* FROM `produtos` INNER JOIN `sub_categorias` ON `sub_categorias`.id = `produtos`.sub_categoria_id INNER JOIN `categorias` ON `categorias`.id = `produtos`.categoria_id WHERE ( categorias.nome LIKE '%%' AND sub_categorias.nome LIKE '%%') LIMIT 5, 5[0m
  [4;36;1mProduto Count (0.0ms)[0m   [0;1mSELECT Count(`produtos`.id) FROM `produtos`
 INNER JOIN `sub_categorias` ON `sub_categorias`.id = `produtos`.sub_categoria_id 
 INNER JOIN `categorias` ON `categorias`.id = `produtos`.categoria_id
 WHERE ( categorias.nome LIKE '%%'
 AND sub_categorias.nome LIKE '%%')[0m
@totPag = 0
  [4;35;1mCategoria Load (4.0ms)[0m   [0mSELECT * FROM `categorias` [0m
  [4;36;1mSubCategoria Load (0.0ms)[0m   [0;1mSELECT * FROM `sub_categorias` [0m
Rendering template within layouts/application
Rendering produtos/index
  [4;35;1mCategoria Columns (0.0ms)[0m   [0mSHOW FIELDS FROM `categorias`[0m
  [4;36;1mSubCategoria Columns (8.0ms)[0m   [0;1mSHOW FIELDS FROM `sub_categorias`[0m
  [4;35;1mCategoria Load (0.0ms)[0m   [0mSELECT * FROM `categorias` WHERE (`categorias`.`id` = 1) [0m
pag= 1
Completed in 96ms (View: 52, DB: 12) | 200 OK [http://localhost/produtos/2]
  [4;36;1mSQL (0.0ms)[0m   [0;1mSET NAMES 'utf8'[0m
  [4;35;1mSQL (0.0ms)[0m   [0mSET SQL_AUTO_IS_NULL=0[0m


Processing ProdutosController#index (for 127.0.0.1 at 2011-02-22 12:46:20) [GET]
  Parameters: {"pagina"=>"2"}
Solicitando INDEX
@pagina = 2
@selectedSubCat = pagina
@selectedCat = pagina
  [4;36;1mProduto Load (0.0ms)[0m   [0;1mSELECT `produtos`.* FROM `produtos` INNER JOIN `sub_categorias` ON `sub_categorias`.id = `produtos`.sub_categoria_id INNER JOIN `categorias` ON `categorias`.id = `produtos`.categoria_id WHERE ( categorias.nome LIKE '%%' AND sub_categorias.nome LIKE '%%') LIMIT 5, 5[0m
  [4;35;1mProduto Count (0.0ms)[0m   [0mSELECT Count(`produtos`.id) FROM `produtos`
 INNER JOIN `sub_categorias` ON `sub_categorias`.id = `produtos`.sub_categoria_id 
 INNER JOIN `categorias` ON `categorias`.id = `produtos`.categoria_id
 WHERE ( categorias.nome LIKE '%%'
 AND sub_categorias.nome LIKE '%%')[0m
@totPag = 0
  [4;36;1mCategoria Load (0.0ms)[0m   [0;1mSELECT * FROM `categorias` [0m
  [4;35;1mSubCategoria Load (0.0ms)[0m   [0mSELECT * FROM `sub_categorias` [0m
Rendering template within layouts/application
Rendering produtos/index
  [4;36;1mCategoria Columns (4.0ms)[0m   [0;1mSHOW FIELDS FROM `categorias`[0m
  [4;35;1mSubCategoria Columns (0.0ms)[0m   [0mSHOW FIELDS FROM `sub_categorias`[0m
  [4;36;1mCategoria Load (0.0ms)[0m   [0;1mSELECT * FROM `categorias` WHERE (`categorias`.`id` = 1) [0m
pag= 1
Completed in 56ms (View: 16, DB: 4) | 200 OK [http://localhost/produtos/2]
  [4;35;1mSQL (0.0ms)[0m   [0mSET NAMES 'utf8'[0m
  [4;36;1mSQL (0.0ms)[0m   [0;1mSET SQL_AUTO_IS_NULL=0[0m


Processing ProdutosController#index (for 127.0.0.1 at 2011-02-22 12:46:22) [GET]
  Parameters: {"categorias"=>"balanca", "subcategorias"=>"testeeee", "pagina"=>"1"}
Solicitando INDEX
@pagina = 1
@selectedSubCat = testeeee
@selectedCat = balanca
  [4;35;1mProduto Load (0.0ms)[0m   [0mSELECT `produtos`.* FROM `produtos` INNER JOIN `sub_categorias` ON `sub_categorias`.id = `produtos`.sub_categoria_id INNER JOIN `categorias` ON `categorias`.id = `produtos`.categoria_id WHERE ( categorias.nome LIKE '%balanca%' AND sub_categorias.nome LIKE '%testeeee%') LIMIT 0, 5[0m
  [4;36;1mProduto Count (8.0ms)[0m   [0;1mSELECT Count(`produtos`.id) FROM `produtos`
 INNER JOIN `sub_categorias` ON `sub_categorias`.id = `produtos`.sub_categoria_id 
 INNER JOIN `categorias` ON `categorias`.id = `produtos`.categoria_id
 WHERE ( categorias.nome LIKE '%balanca%'
 AND sub_categorias.nome LIKE '%testeeee%')[0m
@totPag = 0
  [4;35;1mCategoria Load (0.0ms)[0m   [0mSELECT * FROM `categorias` [0m
  [4;36;1mSubCategoria Load (0.0ms)[0m   [0;1mSELECT * FROM `sub_categorias` [0m
Rendering template within layouts/application
Rendering produtos/index
  [4;35;1mCategoria Columns (8.0ms)[0m   [0mSHOW FIELDS FROM `categorias`[0m
  [4;36;1mSubCategoria Columns (8.0ms)[0m   [0;1mSHOW FIELDS FROM `sub_categorias`[0m
  [4;35;1mCategoria Load (0.0ms)[0m   [0mSELECT * FROM `categorias` WHERE (`categorias`.`id` = 1) [0m
  [4;36;1mProduto Columns (20.0ms)[0m   [0;1mSHOW FIELDS FROM `produtos`[0m
  [4;35;1mImagem Load (60.0ms)[0m   [0mSELECT * FROM `imagems` WHERE (produto_id = ('1')) ORDER BY RAND() LIMIT 1[0m
  [4;36;1mImagem Columns (4.0ms)[0m   [0;1mSHOW FIELDS FROM `imagems`[0m
  [4;35;1mImagem Load (4.0ms)[0m   [0mSELECT * FROM `imagems` WHERE (produto_id = ('2')) ORDER BY RAND() LIMIT 1[0m
pag= 1
Completed in 436ms (View: 36, DB: 112) | 200 OK [http://localhost/produtos/balanca/testeeee/1]
  [4;36;1mSQL (4.0ms)[0m   [0;1mSET NAMES 'utf8'[0m
  [4;35;1mSQL (0.0ms)[0m   [0mSET SQL_AUTO_IS_NULL=0[0m


Processing ApplicationController#index (for 127.0.0.1 at 2011-02-22 12:46:23) [GET]
  Parameters: {"1297288541"=>nil}

ActionController::RoutingError (No route matches "/images/" with {:method=>:get}):
  

Rendering rescues/layout (not_found)
  [4;36;1mSQL (0.0ms)[0m   [0;1mSET NAMES 'utf8'[0m
  [4;35;1mSQL (0.0ms)[0m   [0mSET SQL_AUTO_IS_NULL=0[0m


Processing ProdutosController#show (for 127.0.0.1 at 2011-02-22 12:46:25) [GET]
  Parameters: {"id"=>"2"}
  [4;36;1mProduto Columns (4.0ms)[0m   [0;1mSHOW FIELDS FROM `produtos`[0m
  [4;35;1mProduto Load (4.0ms)[0m   [0mSELECT * FROM `produtos` WHERE (`produtos`.`id` = 2) [0m
Rendering template within layouts/application
Rendering produtos/show
  [4;36;1mImagem Load (4.0ms)[0m   [0;1mSELECT * FROM `imagems` WHERE (produto_id = ('2')) ORDER BY RAND() LIMIT 1[0m
Completed in 36ms (View: 8, DB: 12) | 200 OK [http://localhost/produtos/visualizar/2]
  [4;35;1mSQL (4.0ms)[0m   [0mSET NAMES 'utf8'[0m
  [4;36;1mSQL (0.0ms)[0m   [0;1mSET SQL_AUTO_IS_NULL=0[0m


Processing ApplicationController#index (for 127.0.0.1 at 2011-02-22 12:46:25) [GET]
  Parameters: {"1297288541"=>nil}

ActionController::RoutingError (No route matches "/images/" with {:method=>:get}):
  

Rendering rescues/layout (not_found)
  [4;35;1mSQL (0.0ms)[0m   [0mSET NAMES 'utf8'[0m
  [4;36;1mSQL (0.0ms)[0m   [0;1mSET SQL_AUTO_IS_NULL=0[0m


Processing ProdutosController#index (for 127.0.0.1 at 2011-02-22 12:46:33) [GET]
Solicitando INDEX
@pagina = 1
@selectedSubCat = pagina
@selectedCat = pagina
  [4;35;1mProduto Load (184.0ms)[0m   [0mSELECT `produtos`.* FROM `produtos` INNER JOIN `sub_categorias` ON `sub_categorias`.id = `produtos`.sub_categoria_id INNER JOIN `categorias` ON `categorias`.id = `produtos`.categoria_id WHERE ( categorias.nome LIKE '%%' AND sub_categorias.nome LIKE '%%') LIMIT 0, 5[0m
  [4;36;1mProduto Count (0.0ms)[0m   [0;1mSELECT Count(`produtos`.id) FROM `produtos`
 INNER JOIN `sub_categorias` ON `sub_categorias`.id = `produtos`.sub_categoria_id 
 INNER JOIN `categorias` ON `categorias`.id = `produtos`.categoria_id
 WHERE ( categorias.nome LIKE '%%'
 AND sub_categorias.nome LIKE '%%')[0m
@totPag = 0
  [4;35;1mCategoria Load (0.0ms)[0m   [0mSELECT * FROM `categorias` [0m
  [4;36;1mSubCategoria Load (4.0ms)[0m   [0;1mSELECT * FROM `sub_categorias` [0m
Rendering template within layouts/application
Rendering produtos/index
  [4;35;1mCategoria Columns (4.0ms)[0m   [0mSHOW FIELDS FROM `categorias`[0m
  [4;36;1mSubCategoria Columns (0.0ms)[0m   [0;1mSHOW FIELDS FROM `sub_categorias`[0m
  [4;35;1mCategoria Load (4.0ms)[0m   [0mSELECT * FROM `categorias` WHERE (`categorias`.`id` = 1) [0m
  [4;36;1mProduto Columns (0.0ms)[0m   [0;1mSHOW FIELDS FROM `produtos`[0m
  [4;35;1mImagem Load (0.0ms)[0m   [0mSELECT * FROM `imagems` WHERE (produto_id = ('1')) ORDER BY RAND() LIMIT 1[0m
  [4;36;1mImagem Columns (0.0ms)[0m   [0;1mSHOW FIELDS FROM `imagems`[0m
  [4;35;1mImagem Load (4.0ms)[0m   [0mSELECT * FROM `imagems` WHERE (produto_id = ('2')) ORDER BY RAND() LIMIT 1[0m
pag= 1
Completed in 288ms (View: 60, DB: 200) | 200 OK [http://localhost/produtos]
  [4;36;1mSQL (0.0ms)[0m   [0;1mSET NAMES 'utf8'[0m
  [4;35;1mSQL (4.0ms)[0m   [0mSET SQL_AUTO_IS_NULL=0[0m


Processing ApplicationController#index (for 127.0.0.1 at 2011-02-22 12:46:34) [GET]
  Parameters: {"1297288541"=>nil}

ActionController::RoutingError (No route matches "/images/" with {:method=>:get}):
  

Rendering rescues/layout (not_found)
  [4;36;1mSQL (0.0ms)[0m   [0;1mSET NAMES 'utf8'[0m
  [4;35;1mSQL (0.0ms)[0m   [0mSET SQL_AUTO_IS_NULL=0[0m


Processing UsuariosController#login (for 127.0.0.1 at 2011-02-22 12:47:57) [GET]
  [4;36;1mUsuario Columns (4.0ms)[0m   [0;1mSHOW FIELDS FROM `usuarios`[0m
Redirected to http://localhost:3000/usuarios
Completed in 32ms (DB: 4) | 302 Found [http://localhost/admin]
  [4;35;1mSQL (0.0ms)[0m   [0mSET NAMES 'utf8'[0m
  [4;36;1mSQL (0.0ms)[0m   [0;1mSET SQL_AUTO_IS_NULL=0[0m


Processing UsuariosController#index (for 127.0.0.1 at 2011-02-22 12:47:57) [GET]
  [4;35;1mUsuario Columns (4.0ms)[0m   [0mSHOW FIELDS FROM `usuarios`[0m
  [4;36;1mUsuario Load (4.0ms)[0m   [0;1mSELECT * FROM `usuarios` [0m
Rendering template within layouts/usuarios
Rendering usuarios/index
Completed in 36ms (View: 16, DB: 8) | 200 OK [http://localhost/usuarios]
  [4;35;1mSQL (0.0ms)[0m   [0mSET NAMES 'utf8'[0m
  [4;36;1mSQL (0.0ms)[0m   [0;1mSET SQL_AUTO_IS_NULL=0[0m


Processing ProdutosController#ger (for 127.0.0.1 at 2011-02-22 12:47:58) [GET]
  [4;35;1mUsuario Columns (0.0ms)[0m   [0mSHOW FIELDS FROM `usuarios`[0m
  [4;36;1mProduto Load (0.0ms)[0m   [0;1mSELECT * FROM `produtos` [0m
Rendering produtos/ger
  [4;35;1mProduto Columns (4.0ms)[0m   [0mSHOW FIELDS FROM `produtos`[0m
  [4;36;1mCategoria Columns (0.0ms)[0m   [0;1mSHOW FIELDS FROM `categorias`[0m
  [4;35;1mCategoria Load (4.0ms)[0m   [0mSELECT * FROM `categorias` WHERE (`categorias`.`id` = 1) [0m
  [4;36;1mCACHE (0.0ms)[0m   [0;1mSELECT * FROM `categorias` WHERE (`categorias`.`id` = 1) [0m
  [4;35;1mSubCategoria Columns (0.0ms)[0m   [0mSHOW FIELDS FROM `sub_categorias`[0m
  [4;36;1mSubCategoria Load (4.0ms)[0m   [0;1mSELECT * FROM `sub_categorias` WHERE (`sub_categorias`.`id` = 1) [0m
  [4;35;1mCACHE (0.0ms)[0m   [0mSELECT * FROM `sub_categorias` WHERE (`sub_categorias`.`id` = 1) [0m
  [4;36;1mCACHE (0.0ms)[0m   [0;1mSELECT * FROM `categorias` WHERE (`categorias`.`id` = 1) [0m
  [4;35;1mCACHE (0.0ms)[0m   [0mSELECT * FROM `categorias` WHERE (`categorias`.`id` = 1) [0m
  [4;36;1mCACHE (0.0ms)[0m   [0;1mSELECT * FROM `sub_categorias` WHERE (`sub_categorias`.`id` = 1) [0m
  [4;35;1mCACHE (0.0ms)[0m   [0mSELECT * FROM `sub_categorias` WHERE (`sub_categorias`.`id` = 1) [0m
Completed in 92ms (View: 48, DB: 12) | 200 OK [http://localhost/produtos/ger]
  [4;36;1mSQL (0.0ms)[0m   [0;1mSET NAMES 'utf8'[0m
  [4;35;1mSQL (0.0ms)[0m   [0mSET SQL_AUTO_IS_NULL=0[0m


Processing ProdutosController#new (for 127.0.0.1 at 2011-02-22 13:09:35) [GET]
  [4;36;1mUsuario Columns (4.0ms)[0m   [0;1mSHOW FIELDS FROM `usuarios`[0m
  [4;35;1mProduto Columns (0.0ms)[0m   [0mSHOW FIELDS FROM `produtos`[0m
Rendering produtos/new
  [4;36;1mCategoria Load (8.0ms)[0m   [0;1mSELECT * FROM `categorias` [0m
  [4;35;1mCategoria Columns (0.0ms)[0m   [0mSHOW FIELDS FROM `categorias`[0m
  [4;36;1mSubCategoria Load (0.0ms)[0m   [0;1mSELECT * FROM `sub_categorias` [0m
  [4;35;1mSubCategoria Columns (0.0ms)[0m   [0mSHOW FIELDS FROM `sub_categorias`[0m
Completed in 164ms (View: 88, DB: 12) | 200 OK [http://localhost/produtos/new]
  [4;36;1mSQL (0.0ms)[0m   [0;1mSET NAMES 'utf8'[0m
  [4;35;1mSQL (0.0ms)[0m   [0mSET SQL_AUTO_IS_NULL=0[0m


Processing ProdutosController#new (for 127.0.0.1 at 2011-02-22 13:09:36) [GET]
  [4;36;1mUsuario Columns (0.0ms)[0m   [0;1mSHOW FIELDS FROM `usuarios`[0m
  [4;35;1mProduto Columns (0.0ms)[0m   [0mSHOW FIELDS FROM `produtos`[0m
Rendering produtos/new
  [4;36;1mCategoria Load (0.0ms)[0m   [0;1mSELECT * FROM `categorias` [0m
  [4;35;1mCategoria Columns (0.0ms)[0m   [0mSHOW FIELDS FROM `categorias`[0m
  [4;36;1mSubCategoria Load (0.0ms)[0m   [0;1mSELECT * FROM `sub_categorias` [0m
  [4;35;1mSubCategoria Columns (0.0ms)[0m   [0mSHOW FIELDS FROM `sub_categorias`[0m
Completed in 112ms (View: 72, DB: 0) | 200 OK [http://localhost/produtos/new]
  [4;36;1mSQL (0.0ms)[0m   [0;1mSET NAMES 'utf8'[0m
  [4;35;1mSQL (0.0ms)[0m   [0mSET SQL_AUTO_IS_NULL=0[0m


Processing ProdutosController#create (for 127.0.0.1 at 2011-02-22 13:11:18) [POST]
  Parameters: {"commit"=>"Cadastrar", "authenticity_token"=>"XEGIhZdRPNybXxDGjtC6xtlQTBkZ4W0QV59YwJiT+zA=", "produto"=>{"titulo"=>"dfgdf", "nome"=>"teste", "promocao"=>"0", "preco"=>"200", "descricao_filename"=>#<File:/tmp/RackMultipart20110222-3749-1xltjp1-0>, "modelo"=>"sdf", "categoria_id"=>"1", "descricao"=>"dfgdfg", "sub_categoria_id"=>"1", "marca"=>"sdf"}}
  [4;36;1mUsuario Columns (16.0ms)[0m   [0;1mSHOW FIELDS FROM `usuarios`[0m
  [4;35;1mProduto Columns (4.0ms)[0m   [0mSHOW FIELDS FROM `produtos`[0m

Errno::ENOENT (No such file or directory - public/produtos/_/README):
  app/models/produto.rb:28:in `initialize'
  app/models/produto.rb:28:in `open'
  app/models/produto.rb:28:in `save_file'
  app/controllers/produtos_controller.rb:92:in `create'

Rendered rescues/_trace (196.0ms)
Rendered rescues/_request_and_response (0.0ms)
Rendering rescues/layout (internal_server_error)
  [4;36;1mSQL (0.0ms)[0m   [0;1mSET NAMES 'utf8'[0m
  [4;35;1mSQL (0.0ms)[0m   [0mSET SQL_AUTO_IS_NULL=0[0m


Processing ProdutosController#create (for 127.0.0.1 at 2011-02-22 13:13:37) [POST]
  Parameters: {"commit"=>"Cadastrar", "authenticity_token"=>"XEGIhZdRPNybXxDGjtC6xtlQTBkZ4W0QV59YwJiT+zA=", "produto"=>{"titulo"=>"dfgdf", "nome"=>"teste", "promocao"=>"0", "preco"=>"200", "descricao_filename"=>#<File:/tmp/RackMultipart20110222-3749-rd8l3m-0>, "modelo"=>"sdf", "categoria_id"=>"1", "descricao"=>"dfgdfg", "sub_categoria_id"=>"1", "marca"=>"sdf"}}
  [4;36;1mUsuario Columns (12.0ms)[0m   [0;1mSHOW FIELDS FROM `usuarios`[0m
  [4;35;1mProduto Columns (8.0ms)[0m   [0mSHOW FIELDS FROM `produtos`[0m
  [4;36;1mSQL (8.0ms)[0m   [0;1mBEGIN[0m
  [4;35;1mProduto Create (88.0ms)[0m   [0mINSERT INTO `produtos` (`created_at`, `nome`, `titulo`, `updated_at`, `promocao`, `preco`, `linkFabricante`, `descricao_filename`, `modelo`, `descricao`, `categoria_id`, `marca`, `sub_categoria_id`) VALUES('2011-02-22 16:13:38', 'teste', 'dfgdf', '2011-02-22 16:13:38', 0, 200, NULL, 'README', 'sdf', 'dfgdfg', 1, 'sdf', 1)[0m
  [4;36;1mSQL (44.0ms)[0m   [0;1mCOMMIT[0m
Redirected to http://localhost:3000/produtos/ger
Completed in 240ms (DB: 160) | 302 Found [http://localhost/produtos]
  [4;35;1mSQL (0.0ms)[0m   [0mSET NAMES 'utf8'[0m
  [4;36;1mSQL (4.0ms)[0m   [0;1mSET SQL_AUTO_IS_NULL=0[0m


Processing ProdutosController#ger (for 127.0.0.1 at 2011-02-22 13:13:38) [GET]
  [4;35;1mUsuario Columns (0.0ms)[0m   [0mSHOW FIELDS FROM `usuarios`[0m
  [4;36;1mProduto Load (12.0ms)[0m   [0;1mSELECT * FROM `produtos` [0m
Rendering produtos/ger
  [4;35;1mProduto Columns (8.0ms)[0m   [0mSHOW FIELDS FROM `produtos`[0m
  [4;36;1mCategoria Columns (4.0ms)[0m   [0;1mSHOW FIELDS FROM `categorias`[0m
  [4;35;1mCategoria Load (8.0ms)[0m   [0mSELECT * FROM `categorias` WHERE (`categorias`.`id` = 1) [0m
  [4;36;1mCACHE (0.0ms)[0m   [0;1mSELECT * FROM `categorias` WHERE (`categorias`.`id` = 1) [0m
  [4;35;1mSubCategoria Columns (20.0ms)[0m   [0mSHOW FIELDS FROM `sub_categorias`[0m
  [4;36;1mSubCategoria Load (0.0ms)[0m   [0;1mSELECT * FROM `sub_categorias` WHERE (`sub_categorias`.`id` = 1) [0m
  [4;35;1mCACHE (0.0ms)[0m   [0mSELECT * FROM `sub_categorias` WHERE (`sub_categorias`.`id` = 1) [0m
  [4;36;1mCACHE (0.0ms)[0m   [0;1mSELECT * FROM `categorias` WHERE (`categorias`.`id` = 1) [0m
  [4;35;1mCACHE (0.0ms)[0m   [0mSELECT * FROM `categorias` WHERE (`categorias`.`id` = 1) [0m
  [4;36;1mCACHE (0.0ms)[0m   [0;1mSELECT * FROM `sub_categorias` WHERE (`sub_categorias`.`id` = 1) [0m
  [4;35;1mCACHE (0.0ms)[0m   [0mSELECT * FROM `sub_categorias` WHERE (`sub_categorias`.`id` = 1) [0m
  [4;36;1mCACHE (0.0ms)[0m   [0;1mSELECT * FROM `categorias` WHERE (`categorias`.`id` = 1) [0m
  [4;35;1mCACHE (0.0ms)[0m   [0mSELECT * FROM `categorias` WHERE (`categorias`.`id` = 1) [0m
  [4;36;1mCACHE (0.0ms)[0m   [0;1mSELECT * FROM `sub_categorias` WHERE (`sub_categorias`.`id` = 1) [0m
  [4;35;1mCACHE (0.0ms)[0m   [0mSELECT * FROM `sub_categorias` WHERE (`sub_categorias`.`id` = 1) [0m
Completed in 312ms (View: 208, DB: 56) | 200 OK [http://localhost/produtos/ger]
  [4;36;1mSQL (0.0ms)[0m   [0;1mSET NAMES 'utf8'[0m
  [4;35;1mSQL (0.0ms)[0m   [0mSET SQL_AUTO_IS_NULL=0[0m


Processing ProdutosController#create (for 127.0.0.1 at 2011-02-22 13:17:02) [POST]
  Parameters: {"commit"=>"Cadastrar", "authenticity_token"=>"XEGIhZdRPNybXxDGjtC6xtlQTBkZ4W0QV59YwJiT+zA=", "produto"=>{"titulo"=>"dfgdf", "nome"=>"teste", "promocao"=>"0", "preco"=>"200", "descricao_filename"=>#<File:/tmp/RackMultipart20110222-3749-14zolb9-0>, "modelo"=>"sdf", "categoria_id"=>"1", "descricao"=>"dfgdfg", "sub_categoria_id"=>"1", "marca"=>"sdf"}}
  [4;36;1mUsuario Columns (8.0ms)[0m   [0;1mSHOW FIELDS FROM `usuarios`[0m
  [4;35;1mProduto Columns (0.0ms)[0m   [0mSHOW FIELDS FROM `produtos`[0m
  [4;36;1mSQL (0.0ms)[0m   [0;1mBEGIN[0m
  [4;35;1mProduto Create (0.0ms)[0m   [0mINSERT INTO `produtos` (`created_at`, `nome`, `titulo`, `updated_at`, `promocao`, `preco`, `linkFabricante`, `descricao_filename`, `modelo`, `descricao`, `categoria_id`, `marca`, `sub_categoria_id`) VALUES('2011-02-22 16:17:02', 'teste', 'dfgdf', '2011-02-22 16:17:02', 0, 200, NULL, 'README', 'sdf', 'dfgdfg', 1, 'sdf', 1)[0m
  [4;36;1mSQL (96.0ms)[0m   [0;1mCOMMIT[0m
Redirected to http://localhost:3000/produtos/ger
Completed in 136ms (DB: 104) | 302 Found [http://localhost/produtos]
  [4;35;1mSQL (0.0ms)[0m   [0mSET NAMES 'utf8'[0m
  [4;36;1mSQL (0.0ms)[0m   [0;1mSET SQL_AUTO_IS_NULL=0[0m


Processing ProdutosController#show (for 127.0.0.1 at 2011-02-22 13:17:02) [GET]
  Parameters: {"id"=>"ger"}
  [4;35;1mProduto Load (8.0ms)[0m   [0mSELECT * FROM `produtos` WHERE (nome like '%ger%') LIMIT 1[0m
Rendering template within layouts/application
Rendering produtos/show

ActionView::TemplateError (undefined method `nome' for nil:NilClass) on line #7 of app/views/produtos/show.html.erb:
4: 
5: <div id="produtoProfile">
6:   <div id="content">
7:     <h1><%= @produto.nome %></h1>
8:     <h2><%= "#{@produto.titulo} - R$ #{@produto.preco}" %></h2>
9: 
10:     <table width="100%">

    app/views/produtos/show.html.erb:7
    app/controllers/produtos_controller.rb:68:in `show'

Rendered rescues/_trace (504.0ms)
Rendered rescues/_request_and_response (12.0ms)
Rendering rescues/layout (internal_server_error)
  [4;36;1mSQL (0.0ms)[0m   [0;1mSET NAMES 'utf8'[0m
  [4;35;1mSQL (0.0ms)[0m   [0mSET SQL_AUTO_IS_NULL=0[0m


Processing ProdutosController#create (for 127.0.0.1 at 2011-02-22 13:17:05) [POST]
  Parameters: {"commit"=>"Cadastrar", "authenticity_token"=>"XEGIhZdRPNybXxDGjtC6xtlQTBkZ4W0QV59YwJiT+zA=", "produto"=>{"titulo"=>"dfgdf", "nome"=>"teste", "promocao"=>"0", "preco"=>"200", "descricao_filename"=>#<File:/tmp/RackMultipart20110222-3749-4n8ss0-0>, "modelo"=>"sdf", "categoria_id"=>"1", "descricao"=>"dfgdfg", "sub_categoria_id"=>"1", "marca"=>"sdf"}}
  [4;36;1mUsuario Columns (4.0ms)[0m   [0;1mSHOW FIELDS FROM `usuarios`[0m
  [4;35;1mProduto Columns (0.0ms)[0m   [0mSHOW FIELDS FROM `produtos`[0m
  [4;36;1mSQL (4.0ms)[0m   [0;1mBEGIN[0m
  [4;35;1mProduto Create (4.0ms)[0m   [0mINSERT INTO `produtos` (`created_at`, `nome`, `titulo`, `updated_at`, `promocao`, `preco`, `linkFabricante`, `descricao_filename`, `modelo`, `descricao`, `categoria_id`, `marca`, `sub_categoria_id`) VALUES('2011-02-22 16:17:05', 'teste', 'dfgdf', '2011-02-22 16:17:05', 0, 200, NULL, 'README', 'sdf', 'dfgdfg', 1, 'sdf', 1)[0m
  [4;36;1mSQL (16.0ms)[0m   [0;1mCOMMIT[0m
Redirected to http://localhost:3000/produtos/ger
Completed in 116ms (DB: 28) | 302 Found [http://localhost/produtos]
  [4;35;1mSQL (0.0ms)[0m   [0mSET NAMES 'utf8'[0m
  [4;36;1mSQL (0.0ms)[0m   [0;1mSET SQL_AUTO_IS_NULL=0[0m


Processing ProdutosController#show (for 127.0.0.1 at 2011-02-22 13:17:05) [GET]
  Parameters: {"id"=>"ger"}
  [4;35;1mProduto Load (4.0ms)[0m   [0mSELECT * FROM `produtos` WHERE (nome like '%ger%') LIMIT 1[0m
Rendering template within layouts/application
Rendering produtos/show

ActionView::TemplateError (undefined method `nome' for nil:NilClass) on line #7 of app/views/produtos/show.html.erb:
4: 
5: <div id="produtoProfile">
6:   <div id="content">
7:     <h1><%= @produto.nome %></h1>
8:     <h2><%= "#{@produto.titulo} - R$ #{@produto.preco}" %></h2>
9: 
10:     <table width="100%">

    app/views/produtos/show.html.erb:7
    app/controllers/produtos_controller.rb:68:in `show'

Rendered rescues/_trace (148.0ms)
Rendered rescues/_request_and_response (0.0ms)
Rendering rescues/layout (internal_server_error)
  [4;36;1mSQL (0.0ms)[0m   [0;1mSET NAMES 'utf8'[0m
  [4;35;1mSQL (0.0ms)[0m   [0mSET SQL_AUTO_IS_NULL=0[0m


Processing UsuariosController#index (for 127.0.0.1 at 2011-02-22 13:17:09) [GET]
  [4;36;1mUsuario Columns (8.0ms)[0m   [0;1mSHOW FIELDS FROM `usuarios`[0m
  [4;35;1mUsuario Load (0.0ms)[0m   [0mSELECT * FROM `usuarios` [0m
Rendering template within layouts/usuarios
Rendering usuarios/index
Completed in 208ms (View: 184, DB: 8) | 200 OK [http://localhost/usuarios]
  [4;36;1mSQL (0.0ms)[0m   [0;1mSET NAMES 'utf8'[0m
  [4;35;1mSQL (0.0ms)[0m   [0mSET SQL_AUTO_IS_NULL=0[0m


Processing ProdutosController#show (for 127.0.0.1 at 2011-02-22 13:17:13) [GET]
  Parameters: {"id"=>"ger"}
  [4;36;1mProduto Load (4.0ms)[0m   [0;1mSELECT * FROM `produtos` WHERE (nome like '%ger%') LIMIT 1[0m
Rendering template within layouts/application
Rendering produtos/show

ActionView::TemplateError (undefined method `nome' for nil:NilClass) on line #7 of app/views/produtos/show.html.erb:
4: 
5: <div id="produtoProfile">
6:   <div id="content">
7:     <h1><%= @produto.nome %></h1>
8:     <h2><%= "#{@produto.titulo} - R$ #{@produto.preco}" %></h2>
9: 
10:     <table width="100%">

    app/views/produtos/show.html.erb:7
    app/controllers/produtos_controller.rb:68:in `show'

Rendered rescues/_trace (104.0ms)
Rendered rescues/_request_and_response (0.0ms)
Rendering rescues/layout (internal_server_error)
  [4;35;1mSQL (4.0ms)[0m   [0mSET NAMES 'utf8'[0m
  [4;36;1mSQL (0.0ms)[0m   [0;1mSET SQL_AUTO_IS_NULL=0[0m


Processing UsuariosController#index (for 127.0.0.1 at 2011-02-22 13:17:33) [GET]
  [4;35;1mUsuario Columns (4.0ms)[0m   [0mSHOW FIELDS FROM `usuarios`[0m
  [4;36;1mUsuario Load (4.0ms)[0m   [0;1mSELECT * FROM `usuarios` [0m
Rendering template within layouts/usuarios
Rendering usuarios/index
Completed in 36ms (View: 12, DB: 12) | 200 OK [http://localhost/usuarios]
  [4;35;1mSQL (0.0ms)[0m   [0mSET NAMES 'utf8'[0m
  [4;36;1mSQL (0.0ms)[0m   [0;1mSET SQL_AUTO_IS_NULL=0[0m


Processing ProdutosController#ger (for 127.0.0.1 at 2011-02-22 13:17:35) [GET]
  [4;35;1mUsuario Columns (12.0ms)[0m   [0mSHOW FIELDS FROM `usuarios`[0m
  [4;36;1mProduto Load (4.0ms)[0m   [0;1mSELECT * FROM `produtos` [0m
Rendering produtos/ger
  [4;35;1mProduto Columns (8.0ms)[0m   [0mSHOW FIELDS FROM `produtos`[0m
  [4;36;1mCategoria Columns (4.0ms)[0m   [0;1mSHOW FIELDS FROM `categorias`[0m
  [4;35;1mCategoria Load (4.0ms)[0m   [0mSELECT * FROM `categorias` WHERE (`categorias`.`id` = 1) [0m
  [4;36;1mCACHE (0.0ms)[0m   [0;1mSELECT * FROM `categorias` WHERE (`categorias`.`id` = 1) [0m
  [4;35;1mSubCategoria Columns (0.0ms)[0m   [0mSHOW FIELDS FROM `sub_categorias`[0m
  [4;36;1mSubCategoria Load (0.0ms)[0m   [0;1mSELECT * FROM `sub_categorias` WHERE (`sub_categorias`.`id` = 1) [0m
  [4;35;1mCACHE (0.0ms)[0m   [0mSELECT * FROM `sub_categorias` WHERE (`sub_categorias`.`id` = 1) [0m
  [4;36;1mCACHE (0.0ms)[0m   [0;1mSELECT * FROM `categorias` WHERE (`categorias`.`id` = 1) [0m
  [4;35;1mCACHE (0.0ms)[0m   [0mSELECT * FROM `categorias` WHERE (`categorias`.`id` = 1) [0m
  [4;36;1mCACHE (0.0ms)[0m   [0;1mSELECT * FROM `sub_categorias` WHERE (`sub_categorias`.`id` = 1) [0m
  [4;35;1mCACHE (0.0ms)[0m   [0mSELECT * FROM `sub_categorias` WHERE (`sub_categorias`.`id` = 1) [0m
  [4;36;1mCACHE (0.0ms)[0m   [0;1mSELECT * FROM `categorias` WHERE (`categorias`.`id` = 1) [0m
  [4;35;1mCACHE (0.0ms)[0m   [0mSELECT * FROM `categorias` WHERE (`categorias`.`id` = 1) [0m
  [4;36;1mCACHE (0.0ms)[0m   [0;1mSELECT * FROM `sub_categorias` WHERE (`sub_categorias`.`id` = 1) [0m
  [4;35;1mCACHE (0.0ms)[0m   [0mSELECT * FROM `sub_categorias` WHERE (`sub_categorias`.`id` = 1) [0m
  [4;36;1mCACHE (0.0ms)[0m   [0;1mSELECT * FROM `categorias` WHERE (`categorias`.`id` = 1) [0m
  [4;35;1mCACHE (0.0ms)[0m   [0mSELECT * FROM `categorias` WHERE (`categorias`.`id` = 1) [0m
  [4;36;1mCACHE (0.0ms)[0m   [0;1mSELECT * FROM `sub_categorias` WHERE (`sub_categorias`.`id` = 1) [0m
  [4;35;1mCACHE (0.0ms)[0m   [0mSELECT * FROM `sub_categorias` WHERE (`sub_categorias`.`id` = 1) [0m
  [4;36;1mCACHE (0.0ms)[0m   [0;1mSELECT * FROM `categorias` WHERE (`categorias`.`id` = 1) [0m
  [4;35;1mCACHE (0.0ms)[0m   [0mSELECT * FROM `categorias` WHERE (`categorias`.`id` = 1) [0m
  [4;36;1mCACHE (0.0ms)[0m   [0;1mSELECT * FROM `sub_categorias` WHERE (`sub_categorias`.`id` = 1) [0m
  [4;35;1mCACHE (0.0ms)[0m   [0mSELECT * FROM `sub_categorias` WHERE (`sub_categorias`.`id` = 1) [0m
Completed in 104ms (View: 64, DB: 32) | 200 OK [http://localhost/produtos/ger]
  [4;36;1mSQL (0.0ms)[0m   [0;1mSET NAMES 'utf8'[0m
  [4;35;1mSQL (0.0ms)[0m   [0mSET SQL_AUTO_IS_NULL=0[0m


Processing ProdutosController#destroy (for 127.0.0.1 at 2011-02-22 13:17:40) [DELETE]
  Parameters: {"authenticity_token"=>"XEGIhZdRPNybXxDGjtC6xtlQTBkZ4W0QV59YwJiT+zA=", "id"=>"5"}
  [4;36;1mUsuario Columns (8.0ms)[0m   [0;1mSHOW FIELDS FROM `usuarios`[0m
  [4;35;1mProduto Columns (8.0ms)[0m   [0mSHOW FIELDS FROM `produtos`[0m
  [4;36;1mProduto Load (4.0ms)[0m   [0;1mSELECT * FROM `produtos` WHERE (`produtos`.`id` = 5) [0m
  [4;35;1mSQL (4.0ms)[0m   [0mBEGIN[0m
  [4;36;1mProduto Destroy (108.0ms)[0m   [0;1mDELETE FROM `produtos` WHERE `id` = 5[0m
  [4;35;1mSQL (24.0ms)[0m   [0mCOMMIT[0m
Redirected to http://localhost:3000/produtos
Completed in 188ms (DB: 156) | 302 Found [http://localhost/produtos/5]
  [4;36;1mSQL (0.0ms)[0m   [0;1mSET NAMES 'utf8'[0m
  [4;35;1mSQL (0.0ms)[0m   [0mSET SQL_AUTO_IS_NULL=0[0m


Processing ProdutosController#index (for 127.0.0.1 at 2011-02-22 13:17:40) [GET]
Solicitando INDEX
@pagina = 1
@selectedSubCat = pagina
@selectedCat = pagina
  [4;36;1mProduto Load (4.0ms)[0m   [0;1mSELECT `produtos`.* FROM `produtos` INNER JOIN `sub_categorias` ON `sub_categorias`.id = `produtos`.sub_categoria_id INNER JOIN `categorias` ON `categorias`.id = `produtos`.categoria_id WHERE ( categorias.nome LIKE '%%' AND sub_categorias.nome LIKE '%%') LIMIT 0, 5[0m
  [4;35;1mProduto Count (4.0ms)[0m   [0mSELECT Count(`produtos`.id) FROM `produtos`
 INNER JOIN `sub_categorias` ON `sub_categorias`.id = `produtos`.sub_categoria_id 
 INNER JOIN `categorias` ON `categorias`.id = `produtos`.categoria_id
 WHERE ( categorias.nome LIKE '%%'
 AND sub_categorias.nome LIKE '%%')[0m
@totPag = 0
  [4;36;1mCategoria Load (0.0ms)[0m   [0;1mSELECT * FROM `categorias` [0m
  [4;35;1mSubCategoria Load (0.0ms)[0m   [0mSELECT * FROM `sub_categorias` [0m
Rendering template within layouts/application
Rendering produtos/index
  [4;36;1mCategoria Columns (0.0ms)[0m   [0;1mSHOW FIELDS FROM `categorias`[0m
  [4;35;1mSubCategoria Columns (4.0ms)[0m   [0mSHOW FIELDS FROM `sub_categorias`[0m
  [4;36;1mCategoria Load (0.0ms)[0m   [0;1mSELECT * FROM `categorias` WHERE (`categorias`.`id` = 1) [0m
  [4;35;1mProduto Columns (4.0ms)[0m   [0mSHOW FIELDS FROM `produtos`[0m
  [4;36;1mImagem Load (4.0ms)[0m   [0;1mSELECT * FROM `imagems` WHERE (produto_id = ('1')) ORDER BY RAND() LIMIT 1[0m
  [4;35;1mImagem Columns (0.0ms)[0m   [0mSHOW FIELDS FROM `imagems`[0m
  [4;36;1mImagem Load (4.0ms)[0m   [0;1mSELECT * FROM `imagems` WHERE (produto_id = ('2')) ORDER BY RAND() LIMIT 1[0m
  [4;35;1mImagem Load (0.0ms)[0m   [0mSELECT * FROM `imagems` WHERE (produto_id = ('3')) ORDER BY RAND() LIMIT 1[0m
  [4;36;1mImagem Load (0.0ms)[0m   [0;1mSELECT * FROM `imagems` WHERE (produto_id = ('4')) ORDER BY RAND() LIMIT 1[0m
pag= 1
Completed in 260ms (View: 196, DB: 24) | 200 OK [http://localhost/produtos]
  [4;35;1mSQL (0.0ms)[0m   [0mSET NAMES 'utf8'[0m
  [4;36;1mSQL (0.0ms)[0m   [0;1mSET SQL_AUTO_IS_NULL=0[0m


Processing ApplicationController#index (for 127.0.0.1 at 2011-02-22 13:17:41) [GET]
  Parameters: {"1297288541"=>nil}

ActionController::RoutingError (No route matches "/images/" with {:method=>:get}):
  

Rendering rescues/layout (not_found)
  [4;35;1mSQL (0.0ms)[0m   [0mSET NAMES 'utf8'[0m
  [4;36;1mSQL (0.0ms)[0m   [0;1mSET SQL_AUTO_IS_NULL=0[0m


Processing ProdutosController#index (for 127.0.0.1 at 2011-02-22 13:17:45) [GET]
  Parameters: {"categorias"=>"balanca", "subcategorias"=>"testeeee", "pagina"=>"1"}
Solicitando INDEX
@pagina = 1
@selectedSubCat = testeeee
@selectedCat = balanca
  [4;35;1mProduto Load (0.0ms)[0m   [0mSELECT `produtos`.* FROM `produtos` INNER JOIN `sub_categorias` ON `sub_categorias`.id = `produtos`.sub_categoria_id INNER JOIN `categorias` ON `categorias`.id = `produtos`.categoria_id WHERE ( categorias.nome LIKE '%balanca%' AND sub_categorias.nome LIKE '%testeeee%') LIMIT 0, 5[0m
  [4;36;1mProduto Count (4.0ms)[0m   [0;1mSELECT Count(`produtos`.id) FROM `produtos`
 INNER JOIN `sub_categorias` ON `sub_categorias`.id = `produtos`.sub_categoria_id 
 INNER JOIN `categorias` ON `categorias`.id = `produtos`.categoria_id
 WHERE ( categorias.nome LIKE '%balanca%'
 AND sub_categorias.nome LIKE '%testeeee%')[0m
@totPag = 0
  [4;35;1mCategoria Load (0.0ms)[0m   [0mSELECT * FROM `categorias` [0m
  [4;36;1mSubCategoria Load (0.0ms)[0m   [0;1mSELECT * FROM `sub_categorias` [0m
Rendering template within layouts/application
Rendering produtos/index
  [4;35;1mCategoria Columns (4.0ms)[0m   [0mSHOW FIELDS FROM `categorias`[0m
  [4;36;1mSubCategoria Columns (8.0ms)[0m   [0;1mSHOW FIELDS FROM `sub_categorias`[0m
  [4;35;1mCategoria Load (4.0ms)[0m   [0mSELECT * FROM `categorias` WHERE (`categorias`.`id` = 1) [0m
  [4;36;1mProduto Columns (4.0ms)[0m   [0;1mSHOW FIELDS FROM `produtos`[0m
  [4;35;1mImagem Load (4.0ms)[0m   [0mSELECT * FROM `imagems` WHERE (produto_id = ('1')) ORDER BY RAND() LIMIT 1[0m
  [4;36;1mImagem Columns (0.0ms)[0m   [0;1mSHOW FIELDS FROM `imagems`[0m
  [4;35;1mImagem Load (4.0ms)[0m   [0mSELECT * FROM `imagems` WHERE (produto_id = ('2')) ORDER BY RAND() LIMIT 1[0m
  [4;36;1mImagem Load (4.0ms)[0m   [0;1mSELECT * FROM `imagems` WHERE (produto_id = ('3')) ORDER BY RAND() LIMIT 1[0m
  [4;35;1mImagem Load (4.0ms)[0m   [0mSELECT * FROM `imagems` WHERE (produto_id = ('4')) ORDER BY RAND() LIMIT 1[0m
pag= 1
Completed in 112ms (View: 24, DB: 40) | 200 OK [http://localhost/produtos/balanca/testeeee/1]
  [4;36;1mSQL (4.0ms)[0m   [0;1mSET NAMES 'utf8'[0m
  [4;35;1mSQL (0.0ms)[0m   [0mSET SQL_AUTO_IS_NULL=0[0m


Processing ApplicationController#index (for 127.0.0.1 at 2011-02-22 13:17:46) [GET]
  Parameters: {"1297288541"=>nil}

ActionController::RoutingError (No route matches "/images/" with {:method=>:get}):
  

Rendering rescues/layout (not_found)
  [4;36;1mSQL (0.0ms)[0m   [0;1mSET NAMES 'utf8'[0m
  [4;35;1mSQL (0.0ms)[0m   [0mSET SQL_AUTO_IS_NULL=0[0m


Processing HomeController#index (for 127.0.0.1 at 2011-02-22 13:17:48) [GET]
  [4;36;1mProduto Load (20.0ms)[0m   [0;1mSELECT * FROM `produtos` WHERE (`produtos`.`promocao` = 1) ORDER BY Rand() LIMIT 9[0m
Rendering template within layouts/application
Rendering home/index
  [4;35;1mProduto Columns (4.0ms)[0m   [0mSHOW FIELDS FROM `produtos`[0m
  [4;36;1mImagem Load (24.0ms)[0m   [0;1mSELECT * FROM `imagems` WHERE (produto_id = ('2')) ORDER BY RAND() LIMIT 1[0m
Completed in 88ms (View: 20, DB: 48) | 200 OK [http://localhost/]
  [4;35;1mSQL (0.0ms)[0m   [0mSET NAMES 'utf8'[0m
  [4;36;1mSQL (4.0ms)[0m   [0;1mSET SQL_AUTO_IS_NULL=0[0m


Processing ApplicationController#index (for 127.0.0.1 at 2011-02-22 13:17:48) [GET]
  Parameters: {"1297288541"=>nil}

ActionController::RoutingError (No route matches "/images/" with {:method=>:get}):
  

Rendering rescues/layout (not_found)
  [4;35;1mSQL (0.0ms)[0m   [0mSET NAMES 'utf8'[0m
  [4;36;1mSQL (4.0ms)[0m   [0;1mSET SQL_AUTO_IS_NULL=0[0m


Processing ProdutosController#index (for 127.0.0.1 at 2011-02-22 13:17:50) [GET]
Solicitando INDEX
@pagina = 1
@selectedSubCat = pagina
@selectedCat = pagina
  [4;35;1mProduto Load (0.0ms)[0m   [0mSELECT `produtos`.* FROM `produtos` INNER JOIN `sub_categorias` ON `sub_categorias`.id = `produtos`.sub_categoria_id INNER JOIN `categorias` ON `categorias`.id = `produtos`.categoria_id WHERE ( categorias.nome LIKE '%%' AND sub_categorias.nome LIKE '%%') LIMIT 0, 5[0m
  [4;36;1mProduto Count (4.0ms)[0m   [0;1mSELECT Count(`produtos`.id) FROM `produtos`
 INNER JOIN `sub_categorias` ON `sub_categorias`.id = `produtos`.sub_categoria_id 
 INNER JOIN `categorias` ON `categorias`.id = `produtos`.categoria_id
 WHERE ( categorias.nome LIKE '%%'
 AND sub_categorias.nome LIKE '%%')[0m
@totPag = 0
  [4;35;1mCategoria Load (0.0ms)[0m   [0mSELECT * FROM `categorias` [0m
  [4;36;1mSubCategoria Load (8.0ms)[0m   [0;1mSELECT * FROM `sub_categorias` [0m
Rendering template within layouts/application
Rendering produtos/index
  [4;35;1mCategoria Columns (8.0ms)[0m   [0mSHOW FIELDS FROM `categorias`[0m
  [4;36;1mSubCategoria Columns (8.0ms)[0m   [0;1mSHOW FIELDS FROM `sub_categorias`[0m
  [4;35;1mCategoria Load (0.0ms)[0m   [0mSELECT * FROM `categorias` WHERE (`categorias`.`id` = 1) [0m
  [4;36;1mProduto Columns (8.0ms)[0m   [0;1mSHOW FIELDS FROM `produtos`[0m
  [4;35;1mImagem Load (8.0ms)[0m   [0mSELECT * FROM `imagems` WHERE (produto_id = ('1')) ORDER BY RAND() LIMIT 1[0m
  [4;36;1mImagem Columns (0.0ms)[0m   [0;1mSHOW FIELDS FROM `imagems`[0m
  [4;35;1mImagem Load (20.0ms)[0m   [0mSELECT * FROM `imagems` WHERE (produto_id = ('2')) ORDER BY RAND() LIMIT 1[0m
  [4;36;1mImagem Load (0.0ms)[0m   [0;1mSELECT * FROM `imagems` WHERE (produto_id = ('3')) ORDER BY RAND() LIMIT 1[0m
  [4;35;1mImagem Load (4.0ms)[0m   [0mSELECT * FROM `imagems` WHERE (produto_id = ('4')) ORDER BY RAND() LIMIT 1[0m
pag= 1
Completed in 120ms (View: 16, DB: 72) | 200 OK [http://localhost/produtos]
  [4;36;1mSQL (4.0ms)[0m   [0;1mSET NAMES 'utf8'[0m
  [4;35;1mSQL (0.0ms)[0m   [0mSET SQL_AUTO_IS_NULL=0[0m


Processing ApplicationController#index (for 127.0.0.1 at 2011-02-22 13:17:50) [GET]
  Parameters: {"1297288541"=>nil}

ActionController::RoutingError (No route matches "/images/" with {:method=>:get}):
  

Rendering rescues/layout (not_found)
  [4;36;1mSQL (4.0ms)[0m   [0;1mSET NAMES 'utf8'[0m
  [4;35;1mSQL (0.0ms)[0m   [0mSET SQL_AUTO_IS_NULL=0[0m


Processing ProdutosController#ger (for 127.0.0.1 at 2011-02-22 13:17:58) [GET]
  [4;36;1mUsuario Columns (4.0ms)[0m   [0;1mSHOW FIELDS FROM `usuarios`[0m
  [4;35;1mProduto Load (4.0ms)[0m   [0mSELECT * FROM `produtos` [0m
Rendering produtos/ger
  [4;36;1mProduto Columns (0.0ms)[0m   [0;1mSHOW FIELDS FROM `produtos`[0m
  [4;35;1mCategoria Columns (0.0ms)[0m   [0mSHOW FIELDS FROM `categorias`[0m
  [4;36;1mCategoria Load (0.0ms)[0m   [0;1mSELECT * FROM `categorias` WHERE (`categorias`.`id` = 1) [0m
  [4;35;1mCACHE (0.0ms)[0m   [0mSELECT * FROM `categorias` WHERE (`categorias`.`id` = 1) [0m
  [4;36;1mSubCategoria Columns (0.0ms)[0m   [0;1mSHOW FIELDS FROM `sub_categorias`[0m
  [4;35;1mSubCategoria Load (0.0ms)[0m   [0mSELECT * FROM `sub_categorias` WHERE (`sub_categorias`.`id` = 1) [0m
  [4;36;1mCACHE (0.0ms)[0m   [0;1mSELECT * FROM `sub_categorias` WHERE (`sub_categorias`.`id` = 1) [0m
  [4;35;1mCACHE (0.0ms)[0m   [0mSELECT * FROM `categorias` WHERE (`categorias`.`id` = 1) [0m
  [4;36;1mCACHE (0.0ms)[0m   [0;1mSELECT * FROM `categorias` WHERE (`categorias`.`id` = 1) [0m
  [4;35;1mCACHE (0.0ms)[0m   [0mSELECT * FROM `sub_categorias` WHERE (`sub_categorias`.`id` = 1) [0m
  [4;36;1mCACHE (0.0ms)[0m   [0;1mSELECT * FROM `sub_categorias` WHERE (`sub_categorias`.`id` = 1) [0m
  [4;35;1mCACHE (0.0ms)[0m   [0mSELECT * FROM `categorias` WHERE (`categorias`.`id` = 1) [0m
  [4;36;1mCACHE (0.0ms)[0m   [0;1mSELECT * FROM `categorias` WHERE (`categorias`.`id` = 1) [0m
  [4;35;1mCACHE (0.0ms)[0m   [0mSELECT * FROM `sub_categorias` WHERE (`sub_categorias`.`id` = 1) [0m
  [4;36;1mCACHE (0.0ms)[0m   [0;1mSELECT * FROM `sub_categorias` WHERE (`sub_categorias`.`id` = 1) [0m
  [4;35;1mCACHE (0.0ms)[0m   [0mSELECT * FROM `categorias` WHERE (`categorias`.`id` = 1) [0m
  [4;36;1mCACHE (0.0ms)[0m   [0;1mSELECT * FROM `categorias` WHERE (`categorias`.`id` = 1) [0m
  [4;35;1mCACHE (0.0ms)[0m   [0mSELECT * FROM `sub_categorias` WHERE (`sub_categorias`.`id` = 1) [0m
  [4;36;1mCACHE (0.0ms)[0m   [0;1mSELECT * FROM `sub_categorias` WHERE (`sub_categorias`.`id` = 1) [0m
Completed in 112ms (View: 80, DB: 12) | 200 OK [http://localhost/produtos/ger]
  [4;35;1mSQL (0.0ms)[0m   [0mSET NAMES 'utf8'[0m
  [4;36;1mSQL (0.0ms)[0m   [0;1mSET SQL_AUTO_IS_NULL=0[0m


Processing ProdutosController#ger (for 127.0.0.1 at 2011-02-22 13:18:23) [GET]
  [4;35;1mUsuario Columns (8.0ms)[0m   [0mSHOW FIELDS FROM `usuarios`[0m
  [4;36;1mProduto Load (0.0ms)[0m   [0;1mSELECT * FROM `produtos` [0m
Rendering produtos/ger
  [4;35;1mProduto Columns (0.0ms)[0m   [0mSHOW FIELDS FROM `produtos`[0m
  [4;36;1mCategoria Columns (4.0ms)[0m   [0;1mSHOW FIELDS FROM `categorias`[0m
  [4;35;1mCategoria Load (4.0ms)[0m   [0mSELECT * FROM `categorias` WHERE (`categorias`.`id` = 1) [0m
  [4;36;1mCACHE (0.0ms)[0m   [0;1mSELECT * FROM `categorias` WHERE (`categorias`.`id` = 1) [0m
  [4;35;1mSubCategoria Columns (8.0ms)[0m   [0mSHOW FIELDS FROM `sub_categorias`[0m
  [4;36;1mSubCategoria Load (4.0ms)[0m   [0;1mSELECT * FROM `sub_categorias` WHERE (`sub_categorias`.`id` = 1) [0m
  [4;35;1mCACHE (0.0ms)[0m   [0mSELECT * FROM `sub_categorias` WHERE (`sub_categorias`.`id` = 1) [0m
  [4;36;1mCACHE (0.0ms)[0m   [0;1mSELECT * FROM `categorias` WHERE (`categorias`.`id` = 1) [0m
  [4;35;1mCACHE (0.0ms)[0m   [0mSELECT * FROM `categorias` WHERE (`categorias`.`id` = 1) [0m
  [4;36;1mCACHE (0.0ms)[0m   [0;1mSELECT * FROM `sub_categorias` WHERE (`sub_categorias`.`id` = 1) [0m
  [4;35;1mCACHE (0.0ms)[0m   [0mSELECT * FROM `sub_categorias` WHERE (`sub_categorias`.`id` = 1) [0m
  [4;36;1mCACHE (0.0ms)[0m   [0;1mSELECT * FROM `categorias` WHERE (`categorias`.`id` = 1) [0m
  [4;35;1mCACHE (0.0ms)[0m   [0mSELECT * FROM `categorias` WHERE (`categorias`.`id` = 1) [0m
  [4;36;1mCACHE (0.0ms)[0m   [0;1mSELECT * FROM `sub_categorias` WHERE (`sub_categorias`.`id` = 1) [0m
  [4;35;1mCACHE (0.0ms)[0m   [0mSELECT * FROM `sub_categorias` WHERE (`sub_categorias`.`id` = 1) [0m
  [4;36;1mCACHE (0.0ms)[0m   [0;1mSELECT * FROM `categorias` WHERE (`categorias`.`id` = 1) [0m
  [4;35;1mCACHE (0.0ms)[0m   [0mSELECT * FROM `categorias` WHERE (`categorias`.`id` = 1) [0m
  [4;36;1mCACHE (0.0ms)[0m   [0;1mSELECT * FROM `sub_categorias` WHERE (`sub_categorias`.`id` = 1) [0m
  [4;35;1mCACHE (0.0ms)[0m   [0mSELECT * FROM `sub_categorias` WHERE (`sub_categorias`.`id` = 1) [0m
Completed in 288ms (View: 228, DB: 28) | 200 OK [http://localhost/produtos/ger]
  [4;36;1mSQL (0.0ms)[0m   [0;1mSET NAMES 'utf8'[0m
  [4;35;1mSQL (0.0ms)[0m   [0mSET SQL_AUTO_IS_NULL=0[0m


Processing ProdutosController#ger (for 127.0.0.1 at 2011-02-22 13:18:24) [GET]
  [4;36;1mUsuario Columns (4.0ms)[0m   [0;1mSHOW FIELDS FROM `usuarios`[0m
  [4;35;1mProduto Load (0.0ms)[0m   [0mSELECT * FROM `produtos` [0m
Rendering produtos/ger
  [4;36;1mProduto Columns (0.0ms)[0m   [0;1mSHOW FIELDS FROM `produtos`[0m
  [4;35;1mCategoria Columns (0.0ms)[0m   [0mSHOW FIELDS FROM `categorias`[0m
  [4;36;1mCategoria Load (0.0ms)[0m   [0;1mSELECT * FROM `categorias` WHERE (`categorias`.`id` = 1) [0m
  [4;35;1mCACHE (0.0ms)[0m   [0mSELECT * FROM `categorias` WHERE (`categorias`.`id` = 1) [0m
  [4;36;1mSubCategoria Columns (4.0ms)[0m   [0;1mSHOW FIELDS FROM `sub_categorias`[0m
  [4;35;1mSubCategoria Load (4.0ms)[0m   [0mSELECT * FROM `sub_categorias` WHERE (`sub_categorias`.`id` = 1) [0m
  [4;36;1mCACHE (0.0ms)[0m   [0;1mSELECT * FROM `sub_categorias` WHERE (`sub_categorias`.`id` = 1) [0m
  [4;35;1mCACHE (0.0ms)[0m   [0mSELECT * FROM `categorias` WHERE (`categorias`.`id` = 1) [0m
  [4;36;1mCACHE (0.0ms)[0m   [0;1mSELECT * FROM `categorias` WHERE (`categorias`.`id` = 1) [0m
  [4;35;1mCACHE (0.0ms)[0m   [0mSELECT * FROM `sub_categorias` WHERE (`sub_categorias`.`id` = 1) [0m
  [4;36;1mCACHE (0.0ms)[0m   [0;1mSELECT * FROM `sub_categorias` WHERE (`sub_categorias`.`id` = 1) [0m
  [4;35;1mCACHE (0.0ms)[0m   [0mSELECT * FROM `categorias` WHERE (`categorias`.`id` = 1) [0m
  [4;36;1mCACHE (0.0ms)[0m   [0;1mSELECT * FROM `categorias` WHERE (`categorias`.`id` = 1) [0m
  [4;35;1mCACHE (0.0ms)[0m   [0mSELECT * FROM `sub_categorias` WHERE (`sub_categorias`.`id` = 1) [0m
  [4;36;1mCACHE (0.0ms)[0m   [0;1mSELECT * FROM `sub_categorias` WHERE (`sub_categorias`.`id` = 1) [0m
  [4;35;1mCACHE (0.0ms)[0m   [0mSELECT * FROM `categorias` WHERE (`categorias`.`id` = 1) [0m
  [4;36;1mCACHE (0.0ms)[0m   [0;1mSELECT * FROM `categorias` WHERE (`categorias`.`id` = 1) [0m
  [4;35;1mCACHE (0.0ms)[0m   [0mSELECT * FROM `sub_categorias` WHERE (`sub_categorias`.`id` = 1) [0m
  [4;36;1mCACHE (0.0ms)[0m   [0;1mSELECT * FROM `sub_categorias` WHERE (`sub_categorias`.`id` = 1) [0m
Completed in 108ms (View: 68, DB: 12) | 200 OK [http://localhost/produtos/ger]
  [4;35;1mSQL (0.0ms)[0m   [0mSET NAMES 'utf8'[0m
  [4;36;1mSQL (0.0ms)[0m   [0;1mSET SQL_AUTO_IS_NULL=0[0m


Processing ProdutosController#destroy (for 127.0.0.1 at 2011-02-22 13:18:27) [DELETE]
  Parameters: {"authenticity_token"=>"XEGIhZdRPNybXxDGjtC6xtlQTBkZ4W0QV59YwJiT+zA=", "id"=>"4"}
  [4;35;1mUsuario Columns (4.0ms)[0m   [0mSHOW FIELDS FROM `usuarios`[0m
  [4;36;1mProduto Columns (8.0ms)[0m   [0;1mSHOW FIELDS FROM `produtos`[0m
  [4;35;1mProduto Load (8.0ms)[0m   [0mSELECT * FROM `produtos` WHERE (`produtos`.`id` = 4) [0m
  [4;36;1mSQL (0.0ms)[0m   [0;1mBEGIN[0m
  [4;35;1mProduto Destroy (0.0ms)[0m   [0mDELETE FROM `produtos` WHERE `id` = 4[0m
  [4;36;1mSQL (4.0ms)[0m   [0;1mCOMMIT[0m
Redirected to http://localhost:3000/produtos/ger
Completed in 72ms (DB: 24) | 302 Found [http://localhost/produtos/4]
  [4;35;1mSQL (0.0ms)[0m   [0mSET NAMES 'utf8'[0m
  [4;36;1mSQL (0.0ms)[0m   [0;1mSET SQL_AUTO_IS_NULL=0[0m


Processing ProdutosController#ger (for 127.0.0.1 at 2011-02-22 13:18:27) [GET]
  [4;35;1mUsuario Columns (8.0ms)[0m   [0mSHOW FIELDS FROM `usuarios`[0m
  [4;36;1mProduto Load (4.0ms)[0m   [0;1mSELECT * FROM `produtos` [0m
Rendering produtos/ger
  [4;35;1mProduto Columns (8.0ms)[0m   [0mSHOW FIELDS FROM `produtos`[0m
  [4;36;1mCategoria Columns (4.0ms)[0m   [0;1mSHOW FIELDS FROM `categorias`[0m
  [4;35;1mCategoria Load (0.0ms)[0m   [0mSELECT * FROM `categorias` WHERE (`categorias`.`id` = 1) [0m
  [4;36;1mCACHE (0.0ms)[0m   [0;1mSELECT * FROM `categorias` WHERE (`categorias`.`id` = 1) [0m
  [4;35;1mSubCategoria Columns (8.0ms)[0m   [0mSHOW FIELDS FROM `sub_categorias`[0m
  [4;36;1mSubCategoria Load (0.0ms)[0m   [0;1mSELECT * FROM `sub_categorias` WHERE (`sub_categorias`.`id` = 1) [0m
  [4;35;1mCACHE (0.0ms)[0m   [0mSELECT * FROM `sub_categorias` WHERE (`sub_categorias`.`id` = 1) [0m
  [4;36;1mCACHE (0.0ms)[0m   [0;1mSELECT * FROM `categorias` WHERE (`categorias`.`id` = 1) [0m
  [4;35;1mCACHE (0.0ms)[0m   [0mSELECT * FROM `categorias` WHERE (`categorias`.`id` = 1) [0m
  [4;36;1mCACHE (0.0ms)[0m   [0;1mSELECT * FROM `sub_categorias` WHERE (`sub_categorias`.`id` = 1) [0m
  [4;35;1mCACHE (0.0ms)[0m   [0mSELECT * FROM `sub_categorias` WHERE (`sub_categorias`.`id` = 1) [0m
  [4;36;1mCACHE (0.0ms)[0m   [0;1mSELECT * FROM `categorias` WHERE (`categorias`.`id` = 1) [0m
  [4;35;1mCACHE (0.0ms)[0m   [0mSELECT * FROM `categorias` WHERE (`categorias`.`id` = 1) [0m
  [4;36;1mCACHE (0.0ms)[0m   [0;1mSELECT * FROM `sub_categorias` WHERE (`sub_categorias`.`id` = 1) [0m
  [4;35;1mCACHE (0.0ms)[0m   [0mSELECT * FROM `sub_categorias` WHERE (`sub_categorias`.`id` = 1) [0m
Completed in 176ms (View: 108, DB: 32) | 200 OK [http://localhost/produtos/ger]
  [4;36;1mSQL (0.0ms)[0m   [0;1mSET NAMES 'utf8'[0m
  [4;35;1mSQL (0.0ms)[0m   [0mSET SQL_AUTO_IS_NULL=0[0m


Processing ProdutosController#destroy (for 127.0.0.1 at 2011-02-22 13:18:30) [DELETE]
  Parameters: {"authenticity_token"=>"XEGIhZdRPNybXxDGjtC6xtlQTBkZ4W0QV59YwJiT+zA=", "id"=>"3"}
  [4;36;1mUsuario Columns (0.0ms)[0m   [0;1mSHOW FIELDS FROM `usuarios`[0m
  [4;35;1mProduto Columns (8.0ms)[0m   [0mSHOW FIELDS FROM `produtos`[0m
  [4;36;1mProduto Load (0.0ms)[0m   [0;1mSELECT * FROM `produtos` WHERE (`produtos`.`id` = 3) [0m
  [4;35;1mSQL (0.0ms)[0m   [0mBEGIN[0m
  [4;36;1mProduto Destroy (4.0ms)[0m   [0;1mDELETE FROM `produtos` WHERE `id` = 3[0m
  [4;35;1mSQL (4.0ms)[0m   [0mCOMMIT[0m
Redirected to http://localhost:3000/produtos/ger
Completed in 60ms (DB: 16) | 302 Found [http://localhost/produtos/3]
  [4;36;1mSQL (0.0ms)[0m   [0;1mSET NAMES 'utf8'[0m
  [4;35;1mSQL (0.0ms)[0m   [0mSET SQL_AUTO_IS_NULL=0[0m


Processing ProdutosController#ger (for 127.0.0.1 at 2011-02-22 13:18:30) [GET]
  [4;36;1mUsuario Columns (4.0ms)[0m   [0;1mSHOW FIELDS FROM `usuarios`[0m
  [4;35;1mProduto Load (4.0ms)[0m   [0mSELECT * FROM `produtos` [0m
Rendering produtos/ger
  [4;36;1mProduto Columns (0.0ms)[0m   [0;1mSHOW FIELDS FROM `produtos`[0m
  [4;35;1mCategoria Columns (0.0ms)[0m   [0mSHOW FIELDS FROM `categorias`[0m
  [4;36;1mCategoria Load (0.0ms)[0m   [0;1mSELECT * FROM `categorias` WHERE (`categorias`.`id` = 1) [0m
  [4;35;1mCACHE (0.0ms)[0m   [0mSELECT * FROM `categorias` WHERE (`categorias`.`id` = 1) [0m
  [4;36;1mSubCategoria Columns (4.0ms)[0m   [0;1mSHOW FIELDS FROM `sub_categorias`[0m
  [4;35;1mSubCategoria Load (0.0ms)[0m   [0mSELECT * FROM `sub_categorias` WHERE (`sub_categorias`.`id` = 1) [0m
  [4;36;1mCACHE (0.0ms)[0m   [0;1mSELECT * FROM `sub_categorias` WHERE (`sub_categorias`.`id` = 1) [0m
  [4;35;1mCACHE (0.0ms)[0m   [0mSELECT * FROM `categorias` WHERE (`categorias`.`id` = 1) [0m
  [4;36;1mCACHE (0.0ms)[0m   [0;1mSELECT * FROM `categorias` WHERE (`categorias`.`id` = 1) [0m
  [4;35;1mCACHE (0.0ms)[0m   [0mSELECT * FROM `sub_categorias` WHERE (`sub_categorias`.`id` = 1) [0m
  [4;36;1mCACHE (0.0ms)[0m   [0;1mSELECT * FROM `sub_categorias` WHERE (`sub_categorias`.`id` = 1) [0m
Completed in 132ms (View: 80, DB: 12) | 200 OK [http://localhost/produtos/ger]
  [4;35;1mSQL (4.0ms)[0m   [0mSET NAMES 'utf8'[0m
  [4;36;1mSQL (0.0ms)[0m   [0;1mSET SQL_AUTO_IS_NULL=0[0m


Processing ProdutosController#show (for 127.0.0.1 at 2011-02-22 13:18:53) [GET]
  Parameters: {"id"=>"2"}
  [4;35;1mProduto Columns (4.0ms)[0m   [0mSHOW FIELDS FROM `produtos`[0m
  [4;36;1mProduto Load (4.0ms)[0m   [0;1mSELECT * FROM `produtos` WHERE (`produtos`.`id` = 2) [0m
Rendering template within layouts/application
Rendering produtos/show
  [4;35;1mImagem Load (0.0ms)[0m   [0mSELECT * FROM `imagems` WHERE (produto_id = ('2')) ORDER BY RAND() LIMIT 1[0m
Completed in 44ms (View: 20, DB: 12) | 200 OK [http://localhost/produtos/2]
  [4;36;1mSQL (0.0ms)[0m   [0;1mSET NAMES 'utf8'[0m
  [4;35;1mSQL (0.0ms)[0m   [0mSET SQL_AUTO_IS_NULL=0[0m


Processing ApplicationController#index (for 127.0.0.1 at 2011-02-22 13:18:53) [GET]
  Parameters: {"1297288541"=>nil}

ActionController::RoutingError (No route matches "/images/" with {:method=>:get}):
  

Rendering rescues/layout (not_found)
